2022-07-06 11:32:33,038 - INFO - Will watch for changes in these directories: ['C:\\Users\\spintern\\Desktop\\project\\spproject\\fastapi-algo-trading']
2022-07-06 11:32:33,038 - INFO - Uvicorn running on http://127.0.0.1:8000 (Press CTRL+C to quit)
2022-07-06 11:32:33,042 - INFO - Started reloader process [2516] using watchgod
2022-07-06 11:32:34,587 - WARNING - The --reload flag should not be used in production on Windows.
2022-07-06 11:32:34,689 - INFO - Started server process [10488]
2022-07-06 11:32:34,689 - INFO - Waiting for application startup.
2022-07-06 11:32:34,690 - INFO - Application startup complete.
2022-07-06 11:33:04,959 - INFO - Stopping reloader process [2516]
2022-07-06 11:37:46,386 - WARNING - The --reload flag should not be used in production on Windows.
2022-07-06 11:37:46,418 - INFO - Started server process [10376]
2022-07-06 11:37:46,418 - INFO - Waiting for application startup.
2022-07-06 11:37:46,419 - INFO - Application startup complete.
2022-07-06 13:23:36,426 - INFO - Will watch for changes in these directories: ['C:\\Users\\sp\\Desktop\\project\\fastapi-algo-trading']
2022-07-06 13:23:36,426 - INFO - Uvicorn running on http://127.0.0.1:8000 (Press CTRL+C to quit)
2022-07-06 13:23:36,430 - INFO - Started reloader process [7396] using watchgod
2022-07-06 13:23:37,894 - WARNING - The --reload flag should not be used in production on Windows.
2022-07-06 13:23:37,926 - INFO - Started server process [13560]
2022-07-06 13:23:37,926 - INFO - Waiting for application startup.
2022-07-06 13:23:37,926 - INFO - Application startup complete.
2022-07-06 13:23:58,947 - ERROR - Exception in ASGI application
Traceback (most recent call last):
  File "C:\Users\sp\Desktop\project\fastapi-algo-trading\.venv\lib\site-packages\uvicorn\protocols\http\httptools_impl.py", line 372, in run_asgi
    result = await app(self.scope, self.receive, self.send)
  File "C:\Users\sp\Desktop\project\fastapi-algo-trading\.venv\lib\site-packages\uvicorn\middleware\proxy_headers.py", line 75, in __call__
    return await self.app(scope, receive, send)
  File "C:\Users\sp\Desktop\project\fastapi-algo-trading\.venv\lib\site-packages\fastapi\applications.py", line 269, in __call__
    await super().__call__(scope, receive, send)
  File "C:\Users\sp\Desktop\project\fastapi-algo-trading\.venv\lib\site-packages\starlette\applications.py", line 124, in __call__
    await self.middleware_stack(scope, receive, send)
  File "C:\Users\sp\Desktop\project\fastapi-algo-trading\.venv\lib\site-packages\starlette\middleware\errors.py", line 184, in __call__
    raise exc
  File "C:\Users\sp\Desktop\project\fastapi-algo-trading\.venv\lib\site-packages\starlette\middleware\errors.py", line 162, in __call__
    await self.app(scope, receive, _send)
  File "C:\Users\sp\Desktop\project\fastapi-algo-trading\.venv\lib\site-packages\starlette\exceptions.py", line 93, in __call__
    raise exc
  File "C:\Users\sp\Desktop\project\fastapi-algo-trading\.venv\lib\site-packages\starlette\exceptions.py", line 82, in __call__
    await self.app(scope, receive, sender)
  File "C:\Users\sp\Desktop\project\fastapi-algo-trading\.venv\lib\site-packages\fastapi\middleware\asyncexitstack.py", line 21, in __call__
    raise e
  File "C:\Users\sp\Desktop\project\fastapi-algo-trading\.venv\lib\site-packages\fastapi\middleware\asyncexitstack.py", line 18, in __call__
    await self.app(scope, receive, send)
  File "C:\Users\sp\Desktop\project\fastapi-algo-trading\.venv\lib\site-packages\starlette\routing.py", line 670, in __call__
    await route.handle(scope, receive, send)
  File "C:\Users\sp\Desktop\project\fastapi-algo-trading\.venv\lib\site-packages\starlette\routing.py", line 266, in handle
    await self.app(scope, receive, send)
  File "C:\Users\sp\Desktop\project\fastapi-algo-trading\.venv\lib\site-packages\starlette\routing.py", line 65, in app
    response = await func(request)
  File "C:\Users\sp\Desktop\project\fastapi-algo-trading\.venv\lib\site-packages\fastapi\routing.py", line 227, in app
    raw_response = await run_endpoint_function(
  File "C:\Users\sp\Desktop\project\fastapi-algo-trading\.venv\lib\site-packages\fastapi\routing.py", line 160, in run_endpoint_function
    return await dependant.call(**values)
  File "C:\Users\sp\Desktop\project\fastapi-algo-trading\app\routers\dashboard\backtesting.py", line 17, in do_backtesting
    return BacktestingService.run_backtesting(request)
  File "C:\Users\sp\Desktop\project\fastapi-algo-trading\app\services\backtesting\backtesting_service.py", line 20, in run_backtesting
    return sma_backtest(prodCode, 2, 120, 80, True, portfolioValue, barSummary, boundaryValue).start_backtesting(request)
  File "C:\Users\sp\Desktop\project\fastapi-algo-trading\app\services\backtesting\sma_backtest_service.py", line 75, in start_backtesting
    dateCol, openCol, highCol, lowCol, closeCol, volumeCol = DataInfo.construct_data(newData)
  File "C:\Users\sp\Desktop\project\fastapi-algo-trading\app\services\backtesting\sma_datainfo.py", line 28, in construct_data
    for bar in dataList:
TypeError: 'NoneType' object is not iterable
2022-07-06 13:27:08,281 - ERROR - Exception in ASGI application
Traceback (most recent call last):
  File "C:\Users\sp\Desktop\project\fastapi-algo-trading\.venv\lib\site-packages\uvicorn\protocols\http\httptools_impl.py", line 372, in run_asgi
    result = await app(self.scope, self.receive, self.send)
  File "C:\Users\sp\Desktop\project\fastapi-algo-trading\.venv\lib\site-packages\uvicorn\middleware\proxy_headers.py", line 75, in __call__
    return await self.app(scope, receive, send)
  File "C:\Users\sp\Desktop\project\fastapi-algo-trading\.venv\lib\site-packages\fastapi\applications.py", line 269, in __call__
    await super().__call__(scope, receive, send)
  File "C:\Users\sp\Desktop\project\fastapi-algo-trading\.venv\lib\site-packages\starlette\applications.py", line 124, in __call__
    await self.middleware_stack(scope, receive, send)
  File "C:\Users\sp\Desktop\project\fastapi-algo-trading\.venv\lib\site-packages\starlette\middleware\errors.py", line 184, in __call__
    raise exc
  File "C:\Users\sp\Desktop\project\fastapi-algo-trading\.venv\lib\site-packages\starlette\middleware\errors.py", line 162, in __call__
    await self.app(scope, receive, _send)
  File "C:\Users\sp\Desktop\project\fastapi-algo-trading\.venv\lib\site-packages\starlette\exceptions.py", line 93, in __call__
    raise exc
  File "C:\Users\sp\Desktop\project\fastapi-algo-trading\.venv\lib\site-packages\starlette\exceptions.py", line 82, in __call__
    await self.app(scope, receive, sender)
  File "C:\Users\sp\Desktop\project\fastapi-algo-trading\.venv\lib\site-packages\fastapi\middleware\asyncexitstack.py", line 21, in __call__
    raise e
  File "C:\Users\sp\Desktop\project\fastapi-algo-trading\.venv\lib\site-packages\fastapi\middleware\asyncexitstack.py", line 18, in __call__
    await self.app(scope, receive, send)
  File "C:\Users\sp\Desktop\project\fastapi-algo-trading\.venv\lib\site-packages\starlette\routing.py", line 670, in __call__
    await route.handle(scope, receive, send)
  File "C:\Users\sp\Desktop\project\fastapi-algo-trading\.venv\lib\site-packages\starlette\routing.py", line 266, in handle
    await self.app(scope, receive, send)
  File "C:\Users\sp\Desktop\project\fastapi-algo-trading\.venv\lib\site-packages\starlette\routing.py", line 65, in app
    response = await func(request)
  File "C:\Users\sp\Desktop\project\fastapi-algo-trading\.venv\lib\site-packages\fastapi\routing.py", line 227, in app
    raw_response = await run_endpoint_function(
  File "C:\Users\sp\Desktop\project\fastapi-algo-trading\.venv\lib\site-packages\fastapi\routing.py", line 160, in run_endpoint_function
    return await dependant.call(**values)
  File "C:\Users\sp\Desktop\project\fastapi-algo-trading\app\routers\dashboard\backtesting.py", line 17, in do_backtesting
    return BacktestingService.run_backtesting(request)
  File "C:\Users\sp\Desktop\project\fastapi-algo-trading\app\services\backtesting\backtesting_service.py", line 20, in run_backtesting
    return sma_backtest(prodCode, 2, 120, 80, True, portfolioValue, barSummary, boundaryValue).start_backtesting(request)
  File "C:\Users\sp\Desktop\project\fastapi-algo-trading\app\services\backtesting\sma_backtest_service.py", line 75, in start_backtesting
    dateCol, openCol, highCol, lowCol, closeCol, volumeCol = DataInfo.construct_data(newData)
  File "C:\Users\sp\Desktop\project\fastapi-algo-trading\app\services\backtesting\sma_datainfo.py", line 28, in construct_data
    for bar in dataList:
TypeError: 'NoneType' object is not iterable
2022-07-06 13:28:38,143 - WARNING - WatchGodReload detected file change in '['C:\\Users\\sp\\Desktop\\project\\fastapi-algo-trading\\app\\services\\backtesting\\sma_backtest_service.py', 'C:\\Users\\sp\\Desktop\\project\\fastapi-algo-trading\\app\\services\\backtesting\\sma_datainfo.py']'. Reloading...
2022-07-06 13:28:39,735 - WARNING - The --reload flag should not be used in production on Windows.
2022-07-06 13:28:39,767 - INFO - Started server process [10452]
2022-07-06 13:28:39,767 - INFO - Waiting for application startup.
2022-07-06 13:28:39,767 - INFO - Application startup complete.
2022-07-06 13:28:57,434 - ERROR - Exception in ASGI application
Traceback (most recent call last):
  File "C:\Users\sp\Desktop\project\fastapi-algo-trading\.venv\lib\site-packages\uvicorn\protocols\http\httptools_impl.py", line 372, in run_asgi
    result = await app(self.scope, self.receive, self.send)
  File "C:\Users\sp\Desktop\project\fastapi-algo-trading\.venv\lib\site-packages\uvicorn\middleware\proxy_headers.py", line 75, in __call__
    return await self.app(scope, receive, send)
  File "C:\Users\sp\Desktop\project\fastapi-algo-trading\.venv\lib\site-packages\fastapi\applications.py", line 269, in __call__
    await super().__call__(scope, receive, send)
  File "C:\Users\sp\Desktop\project\fastapi-algo-trading\.venv\lib\site-packages\starlette\applications.py", line 124, in __call__
    await self.middleware_stack(scope, receive, send)
  File "C:\Users\sp\Desktop\project\fastapi-algo-trading\.venv\lib\site-packages\starlette\middleware\errors.py", line 184, in __call__
    raise exc
  File "C:\Users\sp\Desktop\project\fastapi-algo-trading\.venv\lib\site-packages\starlette\middleware\errors.py", line 162, in __call__
    await self.app(scope, receive, _send)
  File "C:\Users\sp\Desktop\project\fastapi-algo-trading\.venv\lib\site-packages\starlette\exceptions.py", line 93, in __call__
    raise exc
  File "C:\Users\sp\Desktop\project\fastapi-algo-trading\.venv\lib\site-packages\starlette\exceptions.py", line 82, in __call__
    await self.app(scope, receive, sender)
  File "C:\Users\sp\Desktop\project\fastapi-algo-trading\.venv\lib\site-packages\fastapi\middleware\asyncexitstack.py", line 21, in __call__
    raise e
  File "C:\Users\sp\Desktop\project\fastapi-algo-trading\.venv\lib\site-packages\fastapi\middleware\asyncexitstack.py", line 18, in __call__
    await self.app(scope, receive, send)
  File "C:\Users\sp\Desktop\project\fastapi-algo-trading\.venv\lib\site-packages\starlette\routing.py", line 670, in __call__
    await route.handle(scope, receive, send)
  File "C:\Users\sp\Desktop\project\fastapi-algo-trading\.venv\lib\site-packages\starlette\routing.py", line 266, in handle
    await self.app(scope, receive, send)
  File "C:\Users\sp\Desktop\project\fastapi-algo-trading\.venv\lib\site-packages\starlette\routing.py", line 65, in app
    response = await func(request)
  File "C:\Users\sp\Desktop\project\fastapi-algo-trading\.venv\lib\site-packages\fastapi\routing.py", line 227, in app
    raw_response = await run_endpoint_function(
  File "C:\Users\sp\Desktop\project\fastapi-algo-trading\.venv\lib\site-packages\fastapi\routing.py", line 160, in run_endpoint_function
    return await dependant.call(**values)
  File "C:\Users\sp\Desktop\project\fastapi-algo-trading\app\routers\dashboard\backtesting.py", line 17, in do_backtesting
    return BacktestingService.run_backtesting(request)
  File "C:\Users\sp\Desktop\project\fastapi-algo-trading\app\services\backtesting\backtesting_service.py", line 20, in run_backtesting
    return sma_backtest(prodCode, 2, 120, 80, True, portfolioValue, barSummary, boundaryValue).start_backtesting(request)
  File "C:\Users\sp\Desktop\project\fastapi-algo-trading\app\services\backtesting\sma_backtest_service.py", line 90, in start_backtesting
    dateCol, openCol, highCol, lowCol, closeCol, volumeCol = sma_backtest.construct_data(newData)
  File "C:\Users\sp\Desktop\project\fastapi-algo-trading\app\services\backtesting\sma_backtest_service.py", line 56, in construct_data
    for bar in dataList:
TypeError: 'NoneType' object is not iterable
2022-07-06 13:38:04,457 - ERROR - Exception in ASGI application
Traceback (most recent call last):
  File "C:\Users\sp\Desktop\project\fastapi-algo-trading\.venv\lib\site-packages\uvicorn\protocols\http\httptools_impl.py", line 372, in run_asgi
    result = await app(self.scope, self.receive, self.send)
  File "C:\Users\sp\Desktop\project\fastapi-algo-trading\.venv\lib\site-packages\uvicorn\middleware\proxy_headers.py", line 75, in __call__
    return await self.app(scope, receive, send)
  File "C:\Users\sp\Desktop\project\fastapi-algo-trading\.venv\lib\site-packages\fastapi\applications.py", line 269, in __call__
    await super().__call__(scope, receive, send)
  File "C:\Users\sp\Desktop\project\fastapi-algo-trading\.venv\lib\site-packages\starlette\applications.py", line 124, in __call__
    await self.middleware_stack(scope, receive, send)
  File "C:\Users\sp\Desktop\project\fastapi-algo-trading\.venv\lib\site-packages\starlette\middleware\errors.py", line 184, in __call__
    raise exc
  File "C:\Users\sp\Desktop\project\fastapi-algo-trading\.venv\lib\site-packages\starlette\middleware\errors.py", line 162, in __call__
    await self.app(scope, receive, _send)
  File "C:\Users\sp\Desktop\project\fastapi-algo-trading\.venv\lib\site-packages\starlette\exceptions.py", line 93, in __call__
    raise exc
  File "C:\Users\sp\Desktop\project\fastapi-algo-trading\.venv\lib\site-packages\starlette\exceptions.py", line 82, in __call__
    await self.app(scope, receive, sender)
  File "C:\Users\sp\Desktop\project\fastapi-algo-trading\.venv\lib\site-packages\fastapi\middleware\asyncexitstack.py", line 21, in __call__
    raise e
  File "C:\Users\sp\Desktop\project\fastapi-algo-trading\.venv\lib\site-packages\fastapi\middleware\asyncexitstack.py", line 18, in __call__
    await self.app(scope, receive, send)
  File "C:\Users\sp\Desktop\project\fastapi-algo-trading\.venv\lib\site-packages\starlette\routing.py", line 670, in __call__
    await route.handle(scope, receive, send)
  File "C:\Users\sp\Desktop\project\fastapi-algo-trading\.venv\lib\site-packages\starlette\routing.py", line 266, in handle
    await self.app(scope, receive, send)
  File "C:\Users\sp\Desktop\project\fastapi-algo-trading\.venv\lib\site-packages\starlette\routing.py", line 65, in app
    response = await func(request)
  File "C:\Users\sp\Desktop\project\fastapi-algo-trading\.venv\lib\site-packages\fastapi\routing.py", line 227, in app
    raw_response = await run_endpoint_function(
  File "C:\Users\sp\Desktop\project\fastapi-algo-trading\.venv\lib\site-packages\fastapi\routing.py", line 160, in run_endpoint_function
    return await dependant.call(**values)
  File "C:\Users\sp\Desktop\project\fastapi-algo-trading\app\routers\dashboard\backtesting.py", line 17, in do_backtesting
    return BacktestingService.run_backtesting(request)
  File "C:\Users\sp\Desktop\project\fastapi-algo-trading\app\services\backtesting\backtesting_service.py", line 20, in run_backtesting
    return sma_backtest(prodCode, 2, 120, 80, True, portfolioValue, barSummary, boundaryValue).start_backtesting(request)
  File "C:\Users\sp\Desktop\project\fastapi-algo-trading\app\services\backtesting\sma_backtest_service.py", line 90, in start_backtesting
    dateCol, openCol, highCol, lowCol, closeCol, volumeCol = sma_backtest.construct_data(newData)
  File "C:\Users\sp\Desktop\project\fastapi-algo-trading\app\services\backtesting\sma_backtest_service.py", line 56, in construct_data
    for bar in dataList:
TypeError: 'NoneType' object is not iterable
2022-07-06 13:38:09,158 - WARNING - WatchGodReload detected file change in '['C:\\Users\\sp\\Desktop\\project\\fastapi-algo-trading\\app\\services\\backtesting\\sma_backtest_service.py', 'C:\\Users\\sp\\Desktop\\project\\fastapi-algo-trading\\app\\services\\backtesting\\sma_datainfo.py']'. Reloading...
2022-07-06 13:38:10,754 - WARNING - The --reload flag should not be used in production on Windows.
2022-07-06 13:38:10,785 - INFO - Started server process [18872]
2022-07-06 13:38:10,785 - INFO - Waiting for application startup.
2022-07-06 13:38:10,785 - INFO - Application startup complete.
2022-07-06 13:38:20,441 - ERROR - Exception in ASGI application
Traceback (most recent call last):
  File "C:\Users\sp\Desktop\project\fastapi-algo-trading\.venv\lib\site-packages\uvicorn\protocols\http\httptools_impl.py", line 372, in run_asgi
    result = await app(self.scope, self.receive, self.send)
  File "C:\Users\sp\Desktop\project\fastapi-algo-trading\.venv\lib\site-packages\uvicorn\middleware\proxy_headers.py", line 75, in __call__
    return await self.app(scope, receive, send)
  File "C:\Users\sp\Desktop\project\fastapi-algo-trading\.venv\lib\site-packages\fastapi\applications.py", line 269, in __call__
    await super().__call__(scope, receive, send)
  File "C:\Users\sp\Desktop\project\fastapi-algo-trading\.venv\lib\site-packages\starlette\applications.py", line 124, in __call__
    await self.middleware_stack(scope, receive, send)
  File "C:\Users\sp\Desktop\project\fastapi-algo-trading\.venv\lib\site-packages\starlette\middleware\errors.py", line 184, in __call__
    raise exc
  File "C:\Users\sp\Desktop\project\fastapi-algo-trading\.venv\lib\site-packages\starlette\middleware\errors.py", line 162, in __call__
    await self.app(scope, receive, _send)
  File "C:\Users\sp\Desktop\project\fastapi-algo-trading\.venv\lib\site-packages\starlette\exceptions.py", line 93, in __call__
    raise exc
  File "C:\Users\sp\Desktop\project\fastapi-algo-trading\.venv\lib\site-packages\starlette\exceptions.py", line 82, in __call__
    await self.app(scope, receive, sender)
  File "C:\Users\sp\Desktop\project\fastapi-algo-trading\.venv\lib\site-packages\fastapi\middleware\asyncexitstack.py", line 21, in __call__
    raise e
  File "C:\Users\sp\Desktop\project\fastapi-algo-trading\.venv\lib\site-packages\fastapi\middleware\asyncexitstack.py", line 18, in __call__
    await self.app(scope, receive, send)
  File "C:\Users\sp\Desktop\project\fastapi-algo-trading\.venv\lib\site-packages\starlette\routing.py", line 670, in __call__
    await route.handle(scope, receive, send)
  File "C:\Users\sp\Desktop\project\fastapi-algo-trading\.venv\lib\site-packages\starlette\routing.py", line 266, in handle
    await self.app(scope, receive, send)
  File "C:\Users\sp\Desktop\project\fastapi-algo-trading\.venv\lib\site-packages\starlette\routing.py", line 65, in app
    response = await func(request)
  File "C:\Users\sp\Desktop\project\fastapi-algo-trading\.venv\lib\site-packages\fastapi\routing.py", line 227, in app
    raw_response = await run_endpoint_function(
  File "C:\Users\sp\Desktop\project\fastapi-algo-trading\.venv\lib\site-packages\fastapi\routing.py", line 160, in run_endpoint_function
    return await dependant.call(**values)
  File "C:\Users\sp\Desktop\project\fastapi-algo-trading\app\routers\dashboard\backtesting.py", line 17, in do_backtesting
    return BacktestingService.run_backtesting(request)
  File "C:\Users\sp\Desktop\project\fastapi-algo-trading\app\services\backtesting\backtesting_service.py", line 20, in run_backtesting
    return sma_backtest(prodCode, 2, 120, 80, True, portfolioValue, barSummary, boundaryValue).start_backtesting(request)
  File "C:\Users\sp\Desktop\project\fastapi-algo-trading\app\services\backtesting\sma_backtest_service.py", line 75, in start_backtesting
    dateCol, openCol, highCol, lowCol, closeCol, volumeCol = DataInfo.construct_data(newData)
  File "C:\Users\sp\Desktop\project\fastapi-algo-trading\app\services\backtesting\sma_datainfo.py", line 28, in construct_data
    for bar in dataList: # TypeError: 'NoneType' object is not iterable
TypeError: 'NoneType' object is not iterable
2022-07-06 13:39:39,972 - WARNING - WatchGodReload detected file change in '['C:\\Users\\sp\\Desktop\\project\\fastapi-algo-trading\\app\\services\\backtesting\\sma_backtest_service.py']'. Reloading...
2022-07-06 13:39:41,660 - WARNING - The --reload flag should not be used in production on Windows.
2022-07-06 13:39:41,695 - INFO - Started server process [10460]
2022-07-06 13:39:41,695 - INFO - Waiting for application startup.
2022-07-06 13:39:41,695 - INFO - Application startup complete.
2022-07-06 13:39:54,232 - ERROR - Exception in ASGI application
Traceback (most recent call last):
  File "C:\Users\sp\Desktop\project\fastapi-algo-trading\.venv\lib\site-packages\uvicorn\protocols\http\httptools_impl.py", line 372, in run_asgi
    result = await app(self.scope, self.receive, self.send)
  File "C:\Users\sp\Desktop\project\fastapi-algo-trading\.venv\lib\site-packages\uvicorn\middleware\proxy_headers.py", line 75, in __call__
    return await self.app(scope, receive, send)
  File "C:\Users\sp\Desktop\project\fastapi-algo-trading\.venv\lib\site-packages\fastapi\applications.py", line 269, in __call__
    await super().__call__(scope, receive, send)
  File "C:\Users\sp\Desktop\project\fastapi-algo-trading\.venv\lib\site-packages\starlette\applications.py", line 124, in __call__
    await self.middleware_stack(scope, receive, send)
  File "C:\Users\sp\Desktop\project\fastapi-algo-trading\.venv\lib\site-packages\starlette\middleware\errors.py", line 184, in __call__
    raise exc
  File "C:\Users\sp\Desktop\project\fastapi-algo-trading\.venv\lib\site-packages\starlette\middleware\errors.py", line 162, in __call__
    await self.app(scope, receive, _send)
  File "C:\Users\sp\Desktop\project\fastapi-algo-trading\.venv\lib\site-packages\starlette\exceptions.py", line 93, in __call__
    raise exc
  File "C:\Users\sp\Desktop\project\fastapi-algo-trading\.venv\lib\site-packages\starlette\exceptions.py", line 82, in __call__
    await self.app(scope, receive, sender)
  File "C:\Users\sp\Desktop\project\fastapi-algo-trading\.venv\lib\site-packages\fastapi\middleware\asyncexitstack.py", line 21, in __call__
    raise e
  File "C:\Users\sp\Desktop\project\fastapi-algo-trading\.venv\lib\site-packages\fastapi\middleware\asyncexitstack.py", line 18, in __call__
    await self.app(scope, receive, send)
  File "C:\Users\sp\Desktop\project\fastapi-algo-trading\.venv\lib\site-packages\starlette\routing.py", line 670, in __call__
    await route.handle(scope, receive, send)
  File "C:\Users\sp\Desktop\project\fastapi-algo-trading\.venv\lib\site-packages\starlette\routing.py", line 266, in handle
    await self.app(scope, receive, send)
  File "C:\Users\sp\Desktop\project\fastapi-algo-trading\.venv\lib\site-packages\starlette\routing.py", line 65, in app
    response = await func(request)
  File "C:\Users\sp\Desktop\project\fastapi-algo-trading\.venv\lib\site-packages\fastapi\routing.py", line 227, in app
    raw_response = await run_endpoint_function(
  File "C:\Users\sp\Desktop\project\fastapi-algo-trading\.venv\lib\site-packages\fastapi\routing.py", line 160, in run_endpoint_function
    return await dependant.call(**values)
  File "C:\Users\sp\Desktop\project\fastapi-algo-trading\app\routers\dashboard\backtesting.py", line 17, in do_backtesting
    return BacktestingService.run_backtesting(request)
  File "C:\Users\sp\Desktop\project\fastapi-algo-trading\app\services\backtesting\backtesting_service.py", line 20, in run_backtesting
    return sma_backtest(prodCode, 2, 120, 80, True, portfolioValue, barSummary, boundaryValue).start_backtesting(request)
  File "C:\Users\sp\Desktop\project\fastapi-algo-trading\app\services\backtesting\sma_backtest_service.py", line 76, in start_backtesting
    dateCol, openCol, highCol, lowCol, closeCol, volumeCol = DataInfo.construct_data(newData)
  File "C:\Users\sp\Desktop\project\fastapi-algo-trading\app\services\backtesting\sma_datainfo.py", line 28, in construct_data
    for bar in dataList: # TypeError: 'NoneType' object is not iterable
TypeError: 'NoneType' object is not iterable
2022-07-06 13:42:14,944 - WARNING - WatchGodReload detected file change in '['C:\\Users\\sp\\Desktop\\project\\fastapi-algo-trading\\app\\services\\backtesting\\sma_backtest_service.py']'. Reloading...
2022-07-06 13:42:16,570 - WARNING - The --reload flag should not be used in production on Windows.
2022-07-06 13:42:16,602 - INFO - Started server process [12524]
2022-07-06 13:42:16,603 - INFO - Waiting for application startup.
2022-07-06 13:42:16,603 - INFO - Application startup complete.
2022-07-06 13:42:28,774 - ERROR - Exception in ASGI application
Traceback (most recent call last):
  File "C:\Users\sp\Desktop\project\fastapi-algo-trading\.venv\lib\site-packages\uvicorn\protocols\http\httptools_impl.py", line 372, in run_asgi
    result = await app(self.scope, self.receive, self.send)
  File "C:\Users\sp\Desktop\project\fastapi-algo-trading\.venv\lib\site-packages\uvicorn\middleware\proxy_headers.py", line 75, in __call__
    return await self.app(scope, receive, send)
  File "C:\Users\sp\Desktop\project\fastapi-algo-trading\.venv\lib\site-packages\fastapi\applications.py", line 269, in __call__
    await super().__call__(scope, receive, send)
  File "C:\Users\sp\Desktop\project\fastapi-algo-trading\.venv\lib\site-packages\starlette\applications.py", line 124, in __call__
    await self.middleware_stack(scope, receive, send)
  File "C:\Users\sp\Desktop\project\fastapi-algo-trading\.venv\lib\site-packages\starlette\middleware\errors.py", line 184, in __call__
    raise exc
  File "C:\Users\sp\Desktop\project\fastapi-algo-trading\.venv\lib\site-packages\starlette\middleware\errors.py", line 162, in __call__
    await self.app(scope, receive, _send)
  File "C:\Users\sp\Desktop\project\fastapi-algo-trading\.venv\lib\site-packages\starlette\exceptions.py", line 93, in __call__
    raise exc
  File "C:\Users\sp\Desktop\project\fastapi-algo-trading\.venv\lib\site-packages\starlette\exceptions.py", line 82, in __call__
    await self.app(scope, receive, sender)
  File "C:\Users\sp\Desktop\project\fastapi-algo-trading\.venv\lib\site-packages\fastapi\middleware\asyncexitstack.py", line 21, in __call__
    raise e
  File "C:\Users\sp\Desktop\project\fastapi-algo-trading\.venv\lib\site-packages\fastapi\middleware\asyncexitstack.py", line 18, in __call__
    await self.app(scope, receive, send)
  File "C:\Users\sp\Desktop\project\fastapi-algo-trading\.venv\lib\site-packages\starlette\routing.py", line 670, in __call__
    await route.handle(scope, receive, send)
  File "C:\Users\sp\Desktop\project\fastapi-algo-trading\.venv\lib\site-packages\starlette\routing.py", line 266, in handle
    await self.app(scope, receive, send)
  File "C:\Users\sp\Desktop\project\fastapi-algo-trading\.venv\lib\site-packages\starlette\routing.py", line 65, in app
    response = await func(request)
  File "C:\Users\sp\Desktop\project\fastapi-algo-trading\.venv\lib\site-packages\fastapi\routing.py", line 227, in app
    raw_response = await run_endpoint_function(
  File "C:\Users\sp\Desktop\project\fastapi-algo-trading\.venv\lib\site-packages\fastapi\routing.py", line 160, in run_endpoint_function
    return await dependant.call(**values)
  File "C:\Users\sp\Desktop\project\fastapi-algo-trading\app\routers\dashboard\backtesting.py", line 17, in do_backtesting
    return BacktestingService.run_backtesting(request)
  File "C:\Users\sp\Desktop\project\fastapi-algo-trading\app\services\backtesting\backtesting_service.py", line 20, in run_backtesting
    return sma_backtest(prodCode, 2, 120, 80, True, portfolioValue, barSummary, boundaryValue).start_backtesting(request)
  File "C:\Users\sp\Desktop\project\fastapi-algo-trading\app\services\backtesting\sma_backtest_service.py", line 92, in start_backtesting
    strat = SMACrossOver(myFeed, self.__instrument, self.__smaPeriod, self.__boundaryValue)
TypeError: Can't instantiate abstract class SMACrossOver with abstract method onBars
2022-07-06 13:43:27,374 - WARNING - WatchGodReload detected file change in '['C:\\Users\\sp\\Desktop\\project\\fastapi-algo-trading\\app\\services\\backtesting\\sma_backtest_service.py']'. Reloading...
2022-07-06 13:43:29,053 - WARNING - The --reload flag should not be used in production on Windows.
2022-07-06 13:43:29,086 - INFO - Started server process [2340]
2022-07-06 13:43:29,087 - INFO - Waiting for application startup.
2022-07-06 13:43:29,087 - INFO - Application startup complete.
2022-07-06 13:43:34,722 - ERROR - Exception in ASGI application
Traceback (most recent call last):
  File "C:\Users\sp\Desktop\project\fastapi-algo-trading\.venv\lib\site-packages\uvicorn\protocols\http\httptools_impl.py", line 372, in run_asgi
    result = await app(self.scope, self.receive, self.send)
  File "C:\Users\sp\Desktop\project\fastapi-algo-trading\.venv\lib\site-packages\uvicorn\middleware\proxy_headers.py", line 75, in __call__
    return await self.app(scope, receive, send)
  File "C:\Users\sp\Desktop\project\fastapi-algo-trading\.venv\lib\site-packages\fastapi\applications.py", line 269, in __call__
    await super().__call__(scope, receive, send)
  File "C:\Users\sp\Desktop\project\fastapi-algo-trading\.venv\lib\site-packages\starlette\applications.py", line 124, in __call__
    await self.middleware_stack(scope, receive, send)
  File "C:\Users\sp\Desktop\project\fastapi-algo-trading\.venv\lib\site-packages\starlette\middleware\errors.py", line 184, in __call__
    raise exc
  File "C:\Users\sp\Desktop\project\fastapi-algo-trading\.venv\lib\site-packages\starlette\middleware\errors.py", line 162, in __call__
    await self.app(scope, receive, _send)
  File "C:\Users\sp\Desktop\project\fastapi-algo-trading\.venv\lib\site-packages\starlette\exceptions.py", line 93, in __call__
    raise exc
  File "C:\Users\sp\Desktop\project\fastapi-algo-trading\.venv\lib\site-packages\starlette\exceptions.py", line 82, in __call__
    await self.app(scope, receive, sender)
  File "C:\Users\sp\Desktop\project\fastapi-algo-trading\.venv\lib\site-packages\fastapi\middleware\asyncexitstack.py", line 21, in __call__
    raise e
  File "C:\Users\sp\Desktop\project\fastapi-algo-trading\.venv\lib\site-packages\fastapi\middleware\asyncexitstack.py", line 18, in __call__
    await self.app(scope, receive, send)
  File "C:\Users\sp\Desktop\project\fastapi-algo-trading\.venv\lib\site-packages\starlette\routing.py", line 670, in __call__
    await route.handle(scope, receive, send)
  File "C:\Users\sp\Desktop\project\fastapi-algo-trading\.venv\lib\site-packages\starlette\routing.py", line 266, in handle
    await self.app(scope, receive, send)
  File "C:\Users\sp\Desktop\project\fastapi-algo-trading\.venv\lib\site-packages\starlette\routing.py", line 65, in app
    response = await func(request)
  File "C:\Users\sp\Desktop\project\fastapi-algo-trading\.venv\lib\site-packages\fastapi\routing.py", line 227, in app
    raw_response = await run_endpoint_function(
  File "C:\Users\sp\Desktop\project\fastapi-algo-trading\.venv\lib\site-packages\fastapi\routing.py", line 160, in run_endpoint_function
    return await dependant.call(**values)
  File "C:\Users\sp\Desktop\project\fastapi-algo-trading\app\routers\dashboard\backtesting.py", line 17, in do_backtesting
    return BacktestingService.run_backtesting(request)
  File "C:\Users\sp\Desktop\project\fastapi-algo-trading\app\services\backtesting\backtesting_service.py", line 20, in run_backtesting
    return sma_backtest(prodCode, 2, 120, 80, True, portfolioValue, barSummary, boundaryValue).start_backtesting(request)
  File "C:\Users\sp\Desktop\project\fastapi-algo-trading\app\services\backtesting\sma_backtest_service.py", line 89, in start_backtesting
    strat = SMACrossOver(myFeed, self.__instrument, self.__smaPeriod, self.__boundaryValue)
TypeError: Can't instantiate abstract class SMACrossOver with abstract method onBars
2022-07-06 14:53:11,293 - WARNING - WatchGodReload detected file change in '['C:\\Users\\sp\\Desktop\\project\\fastapi-algo-trading\\app\\services\\backtesting\\sma_simple_cross.py']'. Reloading...
2022-07-06 14:53:11,820 - WARNING - WatchGodReload detected file change in '['C:\\Users\\sp\\Desktop\\project\\fastapi-algo-trading\\app\\services\\backtesting\\sma_simple_cross.py']'. Reloading...
2022-07-06 14:53:13,339 - WARNING - The --reload flag should not be used in production on Windows.
2022-07-06 14:53:13,372 - INFO - Started server process [18804]
2022-07-06 14:53:13,373 - INFO - Waiting for application startup.
2022-07-06 14:53:13,373 - INFO - Application startup complete.
2022-07-06 14:53:17,186 - WARNING - WatchGodReload detected file change in '['C:\\Users\\sp\\Desktop\\project\\fastapi-algo-trading\\app\\services\\backtesting\\sma_backtest_service.py']'. Reloading...
2022-07-06 14:53:18,737 - WARNING - The --reload flag should not be used in production on Windows.
2022-07-06 14:53:18,768 - INFO - Started server process [500]
2022-07-06 14:53:18,769 - INFO - Waiting for application startup.
2022-07-06 14:53:18,769 - INFO - Application startup complete.
2022-07-06 14:53:51,348 - INFO - Shutting down
2022-07-06 14:53:51,459 - INFO - Waiting for application shutdown.
2022-07-06 14:53:51,459 - INFO - Application shutdown complete.
2022-07-06 14:53:51,459 - INFO - Finished server process [500]
2022-07-06 14:53:51,468 - INFO - Stopping reloader process [7396]
2022-07-06 14:53:54,031 - INFO - Will watch for changes in these directories: ['C:\\Users\\sp\\Desktop\\project\\fastapi-algo-trading']
2022-07-06 14:53:54,032 - INFO - Uvicorn running on http://127.0.0.1:8000 (Press CTRL+C to quit)
2022-07-06 14:53:54,036 - INFO - Started reloader process [19272] using watchgod
2022-07-06 14:53:55,527 - WARNING - The --reload flag should not be used in production on Windows.
2022-07-06 14:53:55,559 - INFO - Started server process [13624]
2022-07-06 14:53:55,559 - INFO - Waiting for application startup.
2022-07-06 14:53:55,559 - INFO - Application startup complete.
2022-07-06 14:54:16,388 - ERROR - Exception in ASGI application
Traceback (most recent call last):
  File "C:\Users\sp\Desktop\project\fastapi-algo-trading\.venv\lib\site-packages\uvicorn\protocols\http\httptools_impl.py", line 372, in run_asgi
    result = await app(self.scope, self.receive, self.send)
  File "C:\Users\sp\Desktop\project\fastapi-algo-trading\.venv\lib\site-packages\uvicorn\middleware\proxy_headers.py", line 75, in __call__
    return await self.app(scope, receive, send)
  File "C:\Users\sp\Desktop\project\fastapi-algo-trading\.venv\lib\site-packages\fastapi\applications.py", line 269, in __call__
    await super().__call__(scope, receive, send)
  File "C:\Users\sp\Desktop\project\fastapi-algo-trading\.venv\lib\site-packages\starlette\applications.py", line 124, in __call__
    await self.middleware_stack(scope, receive, send)
  File "C:\Users\sp\Desktop\project\fastapi-algo-trading\.venv\lib\site-packages\starlette\middleware\errors.py", line 184, in __call__
    raise exc
  File "C:\Users\sp\Desktop\project\fastapi-algo-trading\.venv\lib\site-packages\starlette\middleware\errors.py", line 162, in __call__
    await self.app(scope, receive, _send)
  File "C:\Users\sp\Desktop\project\fastapi-algo-trading\.venv\lib\site-packages\starlette\exceptions.py", line 93, in __call__
    raise exc
  File "C:\Users\sp\Desktop\project\fastapi-algo-trading\.venv\lib\site-packages\starlette\exceptions.py", line 82, in __call__
    await self.app(scope, receive, sender)
  File "C:\Users\sp\Desktop\project\fastapi-algo-trading\.venv\lib\site-packages\fastapi\middleware\asyncexitstack.py", line 21, in __call__
    raise e
  File "C:\Users\sp\Desktop\project\fastapi-algo-trading\.venv\lib\site-packages\fastapi\middleware\asyncexitstack.py", line 18, in __call__
    await self.app(scope, receive, send)
  File "C:\Users\sp\Desktop\project\fastapi-algo-trading\.venv\lib\site-packages\starlette\routing.py", line 670, in __call__
    await route.handle(scope, receive, send)
  File "C:\Users\sp\Desktop\project\fastapi-algo-trading\.venv\lib\site-packages\starlette\routing.py", line 266, in handle
    await self.app(scope, receive, send)
  File "C:\Users\sp\Desktop\project\fastapi-algo-trading\.venv\lib\site-packages\starlette\routing.py", line 65, in app
    response = await func(request)
  File "C:\Users\sp\Desktop\project\fastapi-algo-trading\.venv\lib\site-packages\fastapi\routing.py", line 227, in app
    raw_response = await run_endpoint_function(
  File "C:\Users\sp\Desktop\project\fastapi-algo-trading\.venv\lib\site-packages\fastapi\routing.py", line 160, in run_endpoint_function
    return await dependant.call(**values)
  File "C:\Users\sp\Desktop\project\fastapi-algo-trading\app\routers\dashboard\backtesting.py", line 17, in do_backtesting
    return BacktestingService.run_backtesting(request)
  File "C:\Users\sp\Desktop\project\fastapi-algo-trading\app\services\backtesting\backtesting_service.py", line 20, in run_backtesting
    return sma_backtest(prodCode, 2, 120, 80, True, portfolioValue, barSummary, boundaryValue).start_backtesting(request)
  File "C:\Users\sp\Desktop\project\fastapi-algo-trading\app\services\backtesting\sma_backtest_service.py", line 111, in start_backtesting
    strat.run()
  File "C:\Users\sp\Desktop\project\fastapi-algo-trading\.venv\lib\site-packages\pyalgotrade\strategy\__init__.py", line 514, in run
    self.__dispatcher.run()
  File "C:\Users\sp\Desktop\project\fastapi-algo-trading\.venv\lib\site-packages\pyalgotrade\dispatcher.py", line 109, in run
    eof, eventsDispatched = self.__dispatch()
  File "C:\Users\sp\Desktop\project\fastapi-algo-trading\.venv\lib\site-packages\pyalgotrade\dispatcher.py", line 97, in __dispatch
    if self.__dispatchSubject(subject, smallestDateTime):
  File "C:\Users\sp\Desktop\project\fastapi-algo-trading\.venv\lib\site-packages\pyalgotrade\dispatcher.py", line 75, in __dispatchSubject
    ret = subject.dispatch() is True
  File "C:\Users\sp\Desktop\project\fastapi-algo-trading\.venv\lib\site-packages\pyalgotrade\feed\__init__.py", line 108, in dispatch
    self.__event.emit(dateTime, values)
  File "C:\Users\sp\Desktop\project\fastapi-algo-trading\.venv\lib\site-packages\pyalgotrade\observer.py", line 65, in emit
    handler(*args, **kwargs)
  File "C:\Users\sp\Desktop\project\fastapi-algo-trading\.venv\lib\site-packages\pyalgotrade\strategy\__init__.py", line 507, in __onBars
    self.onBars(bars)
  File "C:\Users\sp\Desktop\project\fastapi-algo-trading\app\services\backtesting\sma_simple_cross.py", line 36, in onBars
    return super().onBars(bars)
  File "C:\Users\sp\Desktop\project\fastapi-algo-trading\.venv\lib\site-packages\pyalgotrade\strategy\__init__.py", line 469, in onBars
    raise NotImplementedError()
NotImplementedError
